  [1m[35m (1252.4ms)[0m  [1m[35mCREATE DATABASE "Todos_development" ENCODING = 'unicode'[0m
  ↳ bin/rails:9
  [1m[35m (766.4ms)[0m  [1m[35mCREATE DATABASE "Todos_test" ENCODING = 'unicode'[0m
  ↳ bin/rails:9
  [1m[35m (198.4ms)[0m  [1m[35mCREATE TABLE "schema_migrations" ("version" character varying NOT NULL PRIMARY KEY)[0m
  ↳ bin/rails:9
  [1m[35m (15.1ms)[0m  [1m[35mCREATE TABLE "ar_internal_metadata" ("key" character varying NOT NULL PRIMARY KEY, "value" character varying, "created_at" timestamp NOT NULL, "updated_at" timestamp NOT NULL)[0m
  ↳ bin/rails:9
  [1m[35m (1.6ms)[0m  [1m[34mSELECT pg_try_advisory_lock(6332679603831330120)[0m
  ↳ bin/rails:9
  [1m[35m (2.9ms)[0m  [1m[34mSELECT "schema_migrations"."version" FROM "schema_migrations" ORDER BY "schema_migrations"."version" ASC[0m
  ↳ bin/rails:9
Migrating to CreateTodos (20210916214305)
  [1m[35m (1.0ms)[0m  [1m[35mBEGIN[0m
  ↳ bin/rails:9
  [1m[35m (85.8ms)[0m  [1m[35mCREATE TABLE "todos" ("id" bigserial primary key, "title" character varying NOT NULL, "body" character varying NOT NULL, "done" boolean NOT NULL, "created_at" timestamp NOT NULL, "updated_at" timestamp NOT NULL)[0m
  ↳ db/migrate/20210916214305_create_todos.rb:3
  [1m[36mActiveRecord::SchemaMigration Create (45.5ms)[0m  [1m[32mINSERT INTO "schema_migrations" ("version") VALUES ($1) RETURNING "version"[0m  [["version", "20210916214305"]]
  ↳ bin/rails:9
  [1m[35m (1.0ms)[0m  [1m[35mCOMMIT[0m
  ↳ bin/rails:9
  [1m[36mActiveRecord::InternalMetadata Load (1.5ms)[0m  [1m[34mSELECT  "ar_internal_metadata".* FROM "ar_internal_metadata" WHERE "ar_internal_metadata"."key" = $1 LIMIT $2[0m  [["key", "environment"], ["LIMIT", 1]]
  ↳ bin/rails:9
  [1m[35m (18.8ms)[0m  [1m[35mBEGIN[0m
  ↳ bin/rails:9
  [1m[36mActiveRecord::InternalMetadata Create (3.0ms)[0m  [1m[32mINSERT INTO "ar_internal_metadata" ("key", "value", "created_at", "updated_at") VALUES ($1, $2, $3, $4) RETURNING "key"[0m  [["key", "environment"], ["value", "development"], ["created_at", "2021-09-16 21:45:36.861689"], ["updated_at", "2021-09-16 21:45:36.861689"]]
  ↳ bin/rails:9
  [1m[35m (0.8ms)[0m  [1m[35mCOMMIT[0m
  ↳ bin/rails:9
  [1m[35m (0.7ms)[0m  [1m[34mSELECT pg_advisory_unlock(6332679603831330120)[0m
  ↳ bin/rails:9
  [1m[35m (1.5ms)[0m  [1m[34mSELECT "schema_migrations"."version" FROM "schema_migrations" ORDER BY "schema_migrations"."version" ASC[0m
  ↳ bin/rails:9
  [1m[35m (6.1ms)[0m  [1m[34mSELECT pg_try_advisory_lock(6332679603831330120)[0m
  ↳ bin/rails:9
  [1m[35m (6.0ms)[0m  [1m[34mSELECT "schema_migrations"."version" FROM "schema_migrations" ORDER BY "schema_migrations"."version" ASC[0m
  ↳ bin/rails:9
  [1m[36mActiveRecord::InternalMetadata Load (4.1ms)[0m  [1m[34mSELECT  "ar_internal_metadata".* FROM "ar_internal_metadata" WHERE "ar_internal_metadata"."key" = $1 LIMIT $2[0m  [["key", "environment"], ["LIMIT", 1]]
  ↳ bin/rails:9
  [1m[35m (7.4ms)[0m  [1m[35mBEGIN[0m
  ↳ bin/rails:9
  [1m[35m (21.6ms)[0m  [1m[35mCOMMIT[0m
  ↳ bin/rails:9
  [1m[35m (0.8ms)[0m  [1m[34mSELECT pg_advisory_unlock(6332679603831330120)[0m
  ↳ bin/rails:9
  [1m[35m (0.8ms)[0m  [1m[34mSELECT "schema_migrations"."version" FROM "schema_migrations" ORDER BY "schema_migrations"."version" ASC[0m
  ↳ bin/rails:9
  [1m[36mTodo Load (4.6ms)[0m  [1m[34mSELECT "todos".* FROM "todos"[0m
Started GET "/" for ::1 at 2021-09-16 18:08:10 -0400
Started GET "/" for ::1 at 2021-09-16 18:08:10 -0400
  [1m[35m (3.9ms)[0m  [1m[34mSELECT "schema_migrations"."version" FROM "schema_migrations" ORDER BY "schema_migrations"."version" ASC[0m
  ↳ /Users/masacheung/.rbenv/versions/2.5.1/lib/ruby/gems/2.5.0/gems/activerecord-5.2.6/lib/active_record/log_subscriber.rb:98
  [1m[35m (4.0ms)[0m  [1m[34mSELECT "schema_migrations"."version" FROM "schema_migrations" ORDER BY "schema_migrations"."version" ASC[0m
  ↳ /Users/masacheung/.rbenv/versions/2.5.1/lib/ruby/gems/2.5.0/gems/activerecord-5.2.6/lib/active_record/log_subscriber.rb:98
Processing by StaticPagesController#root as HTML
Processing by StaticPagesController#root as HTML
  Rendering static_pages/root.html.erb within layouts/application
  Rendered static_pages/root.html.erb within layouts/application (6.0ms)
  Rendering static_pages/root.html.erb within layouts/application
  Rendered static_pages/root.html.erb within layouts/application (0.1ms)
Completed 200 OK in 2608ms (Views: 2606.9ms | ActiveRecord: 0.0ms)


Completed 200 OK in 2855ms (Views: 2854.3ms | ActiveRecord: 0.0ms)


Started GET "/" for ::1 at 2021-09-16 18:14:14 -0400
  [1m[35m (4.1ms)[0m  [1m[34mSELECT "schema_migrations"."version" FROM "schema_migrations" ORDER BY "schema_migrations"."version" ASC[0m
  ↳ /Users/masacheung/.rbenv/versions/2.5.1/lib/ruby/gems/2.5.0/gems/activerecord-5.2.6/lib/active_record/log_subscriber.rb:98
Processing by StaticPagesController#root as HTML
  Rendering static_pages/root.html.erb within layouts/application
  Rendered static_pages/root.html.erb within layouts/application (4.4ms)
Started GET "/" for ::1 at 2021-09-16 18:14:17 -0400
Processing by StaticPagesController#root as HTML
  Rendering static_pages/root.html.erb within layouts/application
  Rendered static_pages/root.html.erb within layouts/application (3.7ms)
Completed 200 OK in 6427ms (Views: 6426.1ms | ActiveRecord: 0.0ms)


Completed 200 OK in 8299ms (Views: 8298.0ms | ActiveRecord: 0.0ms)


Started GET "/" for ::1 at 2021-09-16 18:15:16 -0400
Processing by StaticPagesController#root as HTML
  Rendering static_pages/root.html.erb within layouts/application
  Rendered static_pages/root.html.erb within layouts/application (1.2ms)
Completed 200 OK in 2136ms (Views: 2135.0ms | ActiveRecord: 0.0ms)


Started GET "/" for ::1 at 2021-09-16 18:20:38 -0400
  [1m[35m (3.5ms)[0m  [1m[34mSELECT "schema_migrations"."version" FROM "schema_migrations" ORDER BY "schema_migrations"."version" ASC[0m
  ↳ /Users/masacheung/.rbenv/versions/2.5.1/lib/ruby/gems/2.5.0/gems/activerecord-5.2.6/lib/active_record/log_subscriber.rb:98
Processing by StaticPagesController#root as HTML
  Rendering static_pages/root.html.erb within layouts/application
  Rendered static_pages/root.html.erb within layouts/application (21.5ms)
Completed 200 OK in 6015ms (Views: 6013.6ms | ActiveRecord: 0.0ms)


Started GET "/api/todos" for ::1 at 2021-09-16 18:22:13 -0400

SyntaxError - syntax error, unexpected '}', expecting =>
...       render json: {"Success"}
...                              ^:
  app/controllers/api/todos_controller.rb:34:in `'

Started GET "/api/todos" for ::1 at 2021-09-16 18:22:24 -0400

SyntaxError - syntax error, unexpected '}', expecting =>
...       render json: {"Success"}
...                              ^:
  app/controllers/api/todos_controller.rb:34:in `'

Started GET "/" for ::1 at 2021-09-16 18:25:32 -0400
  [1m[35m (39.0ms)[0m  [1m[34mSELECT "schema_migrations"."version" FROM "schema_migrations" ORDER BY "schema_migrations"."version" ASC[0m
  ↳ /Users/masacheung/.rbenv/versions/2.5.1/lib/ruby/gems/2.5.0/gems/activerecord-5.2.6/lib/active_record/log_subscriber.rb:98
Processing by StaticPagesController#root as HTML
  Rendering static_pages/root.html.erb within layouts/application
  Rendered static_pages/root.html.erb within layouts/application (40.6ms)
Completed 200 OK in 5613ms (Views: 5610.8ms | ActiveRecord: 0.0ms)


Started GET "/api/todos" for ::1 at 2021-09-16 18:25:47 -0400

SyntaxError - syntax error, unexpected '}', expecting =>
...       render json: {"Success"}
...                              ^:
  app/controllers/api/todos_controller.rb:34:in `'

Started GET "/api/todos" for ::1 at 2021-09-16 18:26:43 -0400
Processing by Api::TodosController#index as JSON
  [1m[36mTodo Load (3.9ms)[0m  [1m[34mSELECT "todos".* FROM "todos"[0m
  ↳ app/controllers/api/todos_controller.rb:5
Completed 200 OK in 97ms (Views: 5.9ms | ActiveRecord: 33.7ms)


Started GET "/api/todos" for ::1 at 2021-09-16 18:27:43 -0400
Processing by Api::TodosController#index as JSON
  [1m[36mTodo Load (4.5ms)[0m  [1m[34mSELECT "todos".* FROM "todos"[0m
  ↳ app/controllers/api/todos_controller.rb:5
Completed 200 OK in 8ms (Views: 2.7ms | ActiveRecord: 4.5ms)


Started GET "/api/todos" for ::1 at 2021-09-16 18:28:33 -0400
Processing by Api::TodosController#index as JSON
  [1m[36mTodo Load (28.5ms)[0m  [1m[34mSELECT "todos".* FROM "todos"[0m
  ↳ app/controllers/api/todos_controller.rb:5
Completed 200 OK in 34ms (Views: 4.7ms | ActiveRecord: 28.5ms)


Started GET "/api/todos" for ::1 at 2021-09-16 18:29:20 -0400
Processing by Api::TodosController#index as JSON
  [1m[36mTodo Load (1.2ms)[0m  [1m[34mSELECT "todos".* FROM "todos"[0m
  ↳ app/controllers/api/todos_controller.rb:5
Completed 200 OK in 4ms (Views: 2.2ms | ActiveRecord: 1.2ms)


  [1m[35m (242.9ms)[0m  [1m[35mCREATE DATABASE "Todos_development" ENCODING = 'unicode'[0m
  ↳ bin/rails:9
  [1m[35m (73.3ms)[0m  [1m[35mCREATE DATABASE "Todos_test" ENCODING = 'unicode'[0m
  ↳ bin/rails:9
Started GET "/" for ::1 at 2021-09-16 16:18:57 -0700

ActiveRecord::PendingMigrationError - Migrations are pending. To resolve this issue, run:
        bin/rails db:migrate RAILS_ENV=development:

Started POST "/__better_errors/4e68cf3c5fb8bfd5/variables" for ::1 at 2021-09-16 16:18:57 -0700
Started GET "/" for ::1 at 2021-09-16 16:19:00 -0700

ActiveRecord::PendingMigrationError - Migrations are pending. To resolve this issue, run:
        bin/rails db:migrate RAILS_ENV=development:

Started POST "/__better_errors/ba2588f903d65b5d/variables" for ::1 at 2021-09-16 16:19:00 -0700
  [1m[35m (32.1ms)[0m  [1m[35mCREATE TABLE "schema_migrations" ("version" character varying NOT NULL PRIMARY KEY)[0m
  ↳ bin/rails:9
  [1m[35m (3.1ms)[0m  [1m[35mCREATE TABLE "ar_internal_metadata" ("key" character varying NOT NULL PRIMARY KEY, "value" character varying, "created_at" timestamp NOT NULL, "updated_at" timestamp NOT NULL)[0m
  ↳ bin/rails:9
  [1m[35m (0.5ms)[0m  [1m[34mSELECT pg_try_advisory_lock(6332679603831330120)[0m
  ↳ bin/rails:9
  [1m[35m (1.0ms)[0m  [1m[34mSELECT "schema_migrations"."version" FROM "schema_migrations" ORDER BY "schema_migrations"."version" ASC[0m
  ↳ bin/rails:9
Migrating to CreateTodos (20210916214305)
  [1m[35m (0.2ms)[0m  [1m[35mBEGIN[0m
  ↳ bin/rails:9
  [1m[35m (9.6ms)[0m  [1m[35mCREATE TABLE "todos" ("id" bigserial primary key, "title" character varying NOT NULL, "body" character varying NOT NULL, "done" boolean NOT NULL, "created_at" timestamp NOT NULL, "updated_at" timestamp NOT NULL)[0m
  ↳ db/migrate/20210916214305_create_todos.rb:3
  [1m[36mActiveRecord::SchemaMigration Create (3.4ms)[0m  [1m[32mINSERT INTO "schema_migrations" ("version") VALUES ($1) RETURNING "version"[0m  [["version", "20210916214305"]]
  ↳ bin/rails:9
  [1m[35m (0.3ms)[0m  [1m[35mCOMMIT[0m
  ↳ bin/rails:9
  [1m[36mActiveRecord::InternalMetadata Load (0.7ms)[0m  [1m[34mSELECT  "ar_internal_metadata".* FROM "ar_internal_metadata" WHERE "ar_internal_metadata"."key" = $1 LIMIT $2[0m  [["key", "environment"], ["LIMIT", 1]]
  ↳ bin/rails:9
  [1m[35m (0.2ms)[0m  [1m[35mBEGIN[0m
  ↳ bin/rails:9
  [1m[36mActiveRecord::InternalMetadata Create (2.6ms)[0m  [1m[32mINSERT INTO "ar_internal_metadata" ("key", "value", "created_at", "updated_at") VALUES ($1, $2, $3, $4) RETURNING "key"[0m  [["key", "environment"], ["value", "development"], ["created_at", "2021-09-16 23:19:22.797482"], ["updated_at", "2021-09-16 23:19:22.797482"]]
  ↳ bin/rails:9
  [1m[35m (0.6ms)[0m  [1m[35mCOMMIT[0m
  ↳ bin/rails:9
  [1m[35m (0.4ms)[0m  [1m[34mSELECT pg_advisory_unlock(6332679603831330120)[0m
  ↳ bin/rails:9
  [1m[35m (1.0ms)[0m  [1m[34mSELECT "schema_migrations"."version" FROM "schema_migrations" ORDER BY "schema_migrations"."version" ASC[0m
  ↳ bin/rails:9
Started GET "/" for ::1 at 2021-09-16 16:19:24 -0700
  [1m[35m (1.7ms)[0m  [1m[34mSELECT "schema_migrations"."version" FROM "schema_migrations" ORDER BY "schema_migrations"."version" ASC[0m
  ↳ /Users/joshuazhao/.rbenv/versions/2.5.1/lib/ruby/gems/2.5.0/gems/activerecord-5.2.6/lib/active_record/log_subscriber.rb:98
Processing by StaticPagesController#root as HTML
  Rendering static_pages/root.html.erb within layouts/application
  Rendered static_pages/root.html.erb within layouts/application (5.2ms)
Completed 200 OK in 1413ms (Views: 1412.6ms | ActiveRecord: 0.0ms)


Started GET "/api/todos" for ::1 at 2021-09-16 16:27:32 -0700
  [1m[35m (0.8ms)[0m  [1m[34mSELECT "schema_migrations"."version" FROM "schema_migrations" ORDER BY "schema_migrations"."version" ASC[0m
  ↳ /Users/joshuazhao/.rbenv/versions/2.5.1/lib/ruby/gems/2.5.0/gems/activerecord-5.2.6/lib/active_record/log_subscriber.rb:98
Processing by Api::TodosController#index as JSON
  [1m[36mTodo Load (1.1ms)[0m  [1m[34mSELECT "todos".* FROM "todos"[0m
  ↳ app/controllers/api/todos_controller.rb:5
Completed 200 OK in 8ms (Views: 1.7ms | ActiveRecord: 2.8ms)


Started GET "/" for ::1 at 2021-09-16 16:28:04 -0700
Processing by StaticPagesController#root as HTML
  Rendering static_pages/root.html.erb within layouts/application
  Rendered static_pages/root.html.erb within layouts/application (1.3ms)
Completed 200 OK in 1522ms (Views: 1521.7ms | ActiveRecord: 0.0ms)


Started GET "/api/todos" for ::1 at 2021-09-16 16:28:08 -0700
Processing by Api::TodosController#index as JSON
  [1m[36mTodo Load (2.2ms)[0m  [1m[34mSELECT "todos".* FROM "todos"[0m
  ↳ app/controllers/api/todos_controller.rb:5
Completed 200 OK in 6ms (Views: 3.3ms | ActiveRecord: 2.2ms)


Started GET "/" for ::1 at 2021-09-16 16:31:57 -0700
Processing by StaticPagesController#root as HTML
  Rendering static_pages/root.html.erb within layouts/application
  Rendered static_pages/root.html.erb within layouts/application (0.5ms)
Completed 200 OK in 459ms (Views: 457.9ms | ActiveRecord: 0.0ms)


Started GET "/" for ::1 at 2021-09-16 16:34:51 -0700
Processing by StaticPagesController#root as HTML
  Rendering static_pages/root.html.erb within layouts/application
  Rendered static_pages/root.html.erb within layouts/application (2.8ms)
Completed 200 OK in 479ms (Views: 478.8ms | ActiveRecord: 0.0ms)


Started GET "/api/todos" for ::1 at 2021-09-16 16:34:52 -0700
Processing by Api::TodosController#index as JSON
  [1m[36mTodo Load (2.8ms)[0m  [1m[34mSELECT "todos".* FROM "todos"[0m
  ↳ app/controllers/api/todos_controller.rb:5
Completed 200 OK in 4ms (Views: 1.1ms | ActiveRecord: 2.8ms)


Started GET "/" for ::1 at 2021-09-16 16:37:18 -0700
Processing by StaticPagesController#root as HTML
  Rendering static_pages/root.html.erb within layouts/application
  Rendered static_pages/root.html.erb within layouts/application (0.7ms)
Completed 200 OK in 509ms (Views: 508.4ms | ActiveRecord: 0.0ms)


Started GET "/api/todos" for ::1 at 2021-09-16 16:37:19 -0700
Processing by Api::TodosController#index as JSON
  [1m[36mTodo Load (1.6ms)[0m  [1m[34mSELECT "todos".* FROM "todos"[0m
  ↳ app/controllers/api/todos_controller.rb:5
Completed 200 OK in 5ms (Views: 2.5ms | ActiveRecord: 1.6ms)


Started GET "/" for ::1 at 2021-09-16 16:38:12 -0700
Processing by StaticPagesController#root as HTML
  Rendering static_pages/root.html.erb within layouts/application
  Rendered static_pages/root.html.erb within layouts/application (1.0ms)
Completed 200 OK in 52ms (Views: 52.2ms | ActiveRecord: 0.0ms)


Started GET "/api/todos" for ::1 at 2021-09-16 16:38:12 -0700
Processing by Api::TodosController#index as JSON
  [1m[36mTodo Load (2.2ms)[0m  [1m[34mSELECT "todos".* FROM "todos"[0m
  ↳ app/controllers/api/todos_controller.rb:5
Completed 200 OK in 4ms (Views: 1.6ms | ActiveRecord: 2.2ms)


Started GET "/" for ::1 at 2021-09-16 16:42:27 -0700
Processing by StaticPagesController#root as HTML
  Rendering static_pages/root.html.erb within layouts/application
  Rendered static_pages/root.html.erb within layouts/application (0.6ms)
Completed 200 OK in 372ms (Views: 372.3ms | ActiveRecord: 0.0ms)


Started GET "/api/todos" for ::1 at 2021-09-16 16:42:28 -0700
Processing by Api::TodosController#index as JSON
  [1m[36mTodo Load (1.2ms)[0m  [1m[34mSELECT "todos".* FROM "todos"[0m
  ↳ app/controllers/api/todos_controller.rb:5
Completed 200 OK in 4ms (Views: 2.0ms | ActiveRecord: 1.2ms)


Started GET "/" for ::1 at 2021-09-16 16:42:57 -0700
  [1m[35m (1.3ms)[0m  [1m[34mSELECT "schema_migrations"."version" FROM "schema_migrations" ORDER BY "schema_migrations"."version" ASC[0m
  ↳ /Users/joshuazhao/.rbenv/versions/2.5.1/lib/ruby/gems/2.5.0/gems/activerecord-5.2.6/lib/active_record/log_subscriber.rb:98
Processing by StaticPagesController#root as HTML
  Rendering static_pages/root.html.erb within layouts/application
  Rendered static_pages/root.html.erb within layouts/application (2.0ms)
Completed 200 OK in 1085ms (Views: 1083.9ms | ActiveRecord: 0.0ms)


Started GET "/api/todos" for ::1 at 2021-09-16 16:42:58 -0700
Processing by Api::TodosController#index as JSON
  [1m[36mTodo Load (4.4ms)[0m  [1m[34mSELECT "todos".* FROM "todos"[0m
  ↳ app/controllers/api/todos_controller.rb:5
Completed 200 OK in 51ms (Views: 4.6ms | ActiveRecord: 9.8ms)


Started GET "/" for ::1 at 2021-09-16 16:44:30 -0700
Processing by StaticPagesController#root as HTML
  Rendering static_pages/root.html.erb within layouts/application
  Rendered static_pages/root.html.erb within layouts/application (0.9ms)
Completed 200 OK in 415ms (Views: 414.2ms | ActiveRecord: 0.0ms)


Started GET "/api/todos" for ::1 at 2021-09-16 16:44:31 -0700
Processing by Api::TodosController#index as JSON
  [1m[36mTodo Load (4.4ms)[0m  [1m[34mSELECT "todos".* FROM "todos"[0m
  ↳ app/controllers/api/todos_controller.rb:5
Completed 200 OK in 6ms (Views: 1.7ms | ActiveRecord: 4.4ms)


Started POST "/api/todos" for ::1 at 2021-09-16 16:44:34 -0700
Processing by Api::TodosController#create as JSON
  Parameters: {"todo"=>{"id"=>"1631835871161", "title"=>"hi", "body"=>"hi", "done"=>"false"}}
Completed 500 Internal Server Error in 2ms (ActiveRecord: 0.0ms)



NoMethodError - undefined method `premit' for #<ActionController::Parameters:0x00007ffcfe8a7958>
Did you mean?  permit:
  app/controllers/api/todos_controller.rb:42:in `todo_params'
  app/controllers/api/todos_controller.rb:13:in `create'

Started GET "/" for ::1 at 2021-09-16 16:44:39 -0700
Processing by StaticPagesController#root as HTML
  Rendering static_pages/root.html.erb within layouts/application
  Rendered static_pages/root.html.erb within layouts/application (1.2ms)
Completed 200 OK in 46ms (Views: 45.3ms | ActiveRecord: 0.0ms)


Started GET "/api/todos" for ::1 at 2021-09-16 16:44:39 -0700
Processing by Api::TodosController#index as JSON
  [1m[36mTodo Load (0.9ms)[0m  [1m[34mSELECT "todos".* FROM "todos"[0m
  ↳ app/controllers/api/todos_controller.rb:5
Completed 200 OK in 3ms (Views: 1.9ms | ActiveRecord: 0.9ms)


Started POST "/api/todos" for ::1 at 2021-09-16 16:44:41 -0700
Processing by Api::TodosController#create as JSON
  Parameters: {"todo"=>{"id"=>"1631835879421", "title"=>"hi", "body"=>"hi", "done"=>"false"}}
Completed 500 Internal Server Error in 3ms (ActiveRecord: 0.0ms)



NoMethodError - undefined method `premit' for #<ActionController::Parameters:0x00007ffd05958058>
Did you mean?  permit:
  app/controllers/api/todos_controller.rb:42:in `todo_params'
  app/controllers/api/todos_controller.rb:13:in `create'

Started GET "/" for ::1 at 2021-09-16 16:45:08 -0700
Processing by StaticPagesController#root as HTML
  Rendering static_pages/root.html.erb within layouts/application
  Rendered static_pages/root.html.erb within layouts/application (0.6ms)
Completed 200 OK in 55ms (Views: 54.5ms | ActiveRecord: 0.0ms)


Started GET "/api/todos" for ::1 at 2021-09-16 16:45:09 -0700
Processing by Api::TodosController#index as JSON
  [1m[36mTodo Load (1.8ms)[0m  [1m[34mSELECT "todos".* FROM "todos"[0m
  ↳ app/controllers/api/todos_controller.rb:5
Completed 200 OK in 24ms (Views: 4.0ms | ActiveRecord: 12.2ms)


Started POST "/api/todos" for ::1 at 2021-09-16 16:45:12 -0700
Processing by Api::TodosController#create as JSON
  Parameters: {"todo"=>{"id"=>"1631835909109", "title"=>"hi", "body"=>"hi", "done"=>"false"}}
Unpermitted parameter: :id
  [1m[35m (0.3ms)[0m  [1m[35mBEGIN[0m
  ↳ app/controllers/api/todos_controller.rb:14
  [1m[36mTodo Create (2.6ms)[0m  [1m[32mINSERT INTO "todos" ("title", "body", "done", "created_at", "updated_at") VALUES ($1, $2, $3, $4, $5) RETURNING "id"[0m  [["title", "hi"], ["body", "hi"], ["done", false], ["created_at", "2021-09-16 23:45:12.163470"], ["updated_at", "2021-09-16 23:45:12.163470"]]
  ↳ app/controllers/api/todos_controller.rb:14
  [1m[35m (1.6ms)[0m  [1m[35mCOMMIT[0m
  ↳ app/controllers/api/todos_controller.rb:14
Completed 200 OK in 24ms (Views: 1.1ms | ActiveRecord: 10.9ms)


Started GET "/" for ::1 at 2021-09-16 16:45:15 -0700
Processing by StaticPagesController#root as HTML
  Rendering static_pages/root.html.erb within layouts/application
  Rendered static_pages/root.html.erb within layouts/application (0.4ms)
Completed 200 OK in 30ms (Views: 30.0ms | ActiveRecord: 0.0ms)


Started GET "/api/todos" for ::1 at 2021-09-16 16:45:15 -0700
Processing by Api::TodosController#index as JSON
  [1m[36mTodo Load (3.7ms)[0m  [1m[34mSELECT "todos".* FROM "todos"[0m
  ↳ app/controllers/api/todos_controller.rb:5
Completed 200 OK in 9ms (Views: 5.2ms | ActiveRecord: 3.7ms)


Started GET "/" for ::1 at 2021-09-16 16:56:01 -0700
Processing by StaticPagesController#root as HTML
  Rendering static_pages/root.html.erb within layouts/application
  Rendered static_pages/root.html.erb within layouts/application (1.2ms)
Completed 200 OK in 552ms (Views: 551.8ms | ActiveRecord: 0.0ms)


Started GET "/api/todos" for ::1 at 2021-09-16 16:56:02 -0700
Processing by Api::TodosController#index as JSON
  [1m[36mTodo Load (12.0ms)[0m  [1m[34mSELECT "todos".* FROM "todos"[0m
  ↳ app/controllers/api/todos_controller.rb:5
Completed 200 OK in 29ms (Views: 16.1ms | ActiveRecord: 12.0ms)


Started POST "/api/todos" for ::1 at 2021-09-16 16:56:06 -0700
Processing by Api::TodosController#create as JSON
  Parameters: {"todo"=>{"id"=>"1631836562119", "title"=>"", "body"=>"", "done"=>"false"}}
Unpermitted parameter: :id
  [1m[35m (0.2ms)[0m  [1m[35mBEGIN[0m
  ↳ app/controllers/api/todos_controller.rb:14
  [1m[35m (1.6ms)[0m  [1m[31mROLLBACK[0m
  ↳ app/controllers/api/todos_controller.rb:14
Completed 422 Unprocessable Entity in 27ms (Views: 0.3ms | ActiveRecord: 1.8ms)


Started POST "/api/todos" for ::1 at 2021-09-16 16:57:08 -0700
Processing by Api::TodosController#create as JSON
  Parameters: {"todo"=>{"id"=>"1631836566761", "title"=>"hi", "body"=>"", "done"=>"false"}}
Unpermitted parameter: :id
  [1m[35m (0.2ms)[0m  [1m[35mBEGIN[0m
  ↳ app/controllers/api/todos_controller.rb:14
  [1m[35m (0.2ms)[0m  [1m[31mROLLBACK[0m
  ↳ app/controllers/api/todos_controller.rb:14
Completed 422 Unprocessable Entity in 4ms (Views: 0.2ms | ActiveRecord: 0.4ms)


Started GET "/" for ::1 at 2021-09-16 17:07:17 -0700
Processing by StaticPagesController#root as HTML
  Rendering static_pages/root.html.erb within layouts/application
  Rendered static_pages/root.html.erb within layouts/application (3.5ms)
Completed 200 OK in 522ms (Views: 521.7ms | ActiveRecord: 0.0ms)


Started GET "/" for ::1 at 2021-09-16 17:07:29 -0700
Processing by StaticPagesController#root as HTML
  Rendering static_pages/root.html.erb within layouts/application
  Rendered static_pages/root.html.erb within layouts/application (0.6ms)
Completed 200 OK in 438ms (Views: 438.2ms | ActiveRecord: 0.0ms)


Started GET "/api/todos" for ::1 at 2021-09-16 17:07:30 -0700
Processing by Api::TodosController#index as JSON
  [1m[36mTodo Load (3.3ms)[0m  [1m[34mSELECT "todos".* FROM "todos"[0m
  ↳ app/controllers/api/todos_controller.rb:5
Completed 200 OK in 16ms (Views: 12.0ms | ActiveRecord: 3.3ms)


Started POST "/api/todos" for ::1 at 2021-09-16 17:07:35 -0700
Processing by Api::TodosController#create as JSON
  Parameters: {"todo"=>{"id"=>"1631837250159", "title"=>"hi", "body"=>"", "done"=>"false"}}
Unpermitted parameter: :id
  [1m[35m (0.2ms)[0m  [1m[35mBEGIN[0m
  ↳ app/controllers/api/todos_controller.rb:14
  [1m[35m (0.2ms)[0m  [1m[31mROLLBACK[0m
  ↳ app/controllers/api/todos_controller.rb:14
Completed 422 Unprocessable Entity in 7ms (Views: 0.2ms | ActiveRecord: 0.3ms)


Started GET "/" for ::1 at 2021-09-16 17:10:01 -0700
Processing by StaticPagesController#root as HTML
  Rendering static_pages/root.html.erb within layouts/application
  Rendered static_pages/root.html.erb within layouts/application (0.4ms)
Completed 200 OK in 534ms (Views: 533.2ms | ActiveRecord: 0.0ms)


Started GET "/" for ::1 at 2021-09-16 17:10:21 -0700
Processing by StaticPagesController#root as HTML
  Rendering static_pages/root.html.erb within layouts/application
  Rendered static_pages/root.html.erb within layouts/application (0.5ms)
Completed 200 OK in 476ms (Views: 475.5ms | ActiveRecord: 0.0ms)


Started GET "/" for ::1 at 2021-09-16 17:10:36 -0700
Processing by StaticPagesController#root as HTML
  Rendering static_pages/root.html.erb within layouts/application
  Rendered static_pages/root.html.erb within layouts/application (0.5ms)
Completed 200 OK in 58ms (Views: 57.9ms | ActiveRecord: 0.0ms)


Started GET "/" for ::1 at 2021-09-16 17:11:30 -0700
Processing by StaticPagesController#root as HTML
  Rendering static_pages/root.html.erb within layouts/application
  Rendered static_pages/root.html.erb within layouts/application (1.5ms)
Completed 200 OK in 401ms (Views: 400.6ms | ActiveRecord: 0.0ms)


Started GET "/api/todos" for ::1 at 2021-09-16 17:11:31 -0700
Processing by Api::TodosController#index as JSON
  [1m[36mTodo Load (3.0ms)[0m  [1m[34mSELECT "todos".* FROM "todos"[0m
  ↳ app/controllers/api/todos_controller.rb:5
Completed 200 OK in 5ms (Views: 1.9ms | ActiveRecord: 3.0ms)


Started POST "/api/todos" for ::1 at 2021-09-16 17:11:38 -0700
Processing by Api::TodosController#create as JSON
  Parameters: {"todo"=>{"id"=>"1631837491236", "title"=>"hi", "body"=>"", "done"=>"false"}}
Unpermitted parameter: :id
  [1m[35m (0.2ms)[0m  [1m[35mBEGIN[0m
  ↳ app/controllers/api/todos_controller.rb:14
  [1m[35m (0.2ms)[0m  [1m[31mROLLBACK[0m
  ↳ app/controllers/api/todos_controller.rb:14
Completed 422 Unprocessable Entity in 5ms (Views: 0.2ms | ActiveRecord: 0.4ms)


Started GET "/" for ::1 at 2021-09-16 17:15:26 -0700
Processing by StaticPagesController#root as HTML
  Rendering static_pages/root.html.erb within layouts/application
  Rendered static_pages/root.html.erb within layouts/application (1.4ms)
Completed 200 OK in 409ms (Views: 409.1ms | ActiveRecord: 0.0ms)


Started GET "/api/todos" for ::1 at 2021-09-16 17:15:26 -0700
Processing by Api::TodosController#index as JSON
  [1m[36mTodo Load (2.4ms)[0m  [1m[34mSELECT "todos".* FROM "todos"[0m
  ↳ app/controllers/api/todos_controller.rb:5
Completed 200 OK in 5ms (Views: 2.2ms | ActiveRecord: 2.4ms)


Started GET "/" for ::1 at 2021-09-16 17:17:57 -0700
Processing by StaticPagesController#root as HTML
  Rendering static_pages/root.html.erb within layouts/application
  Rendered static_pages/root.html.erb within layouts/application (1.0ms)
Completed 200 OK in 429ms (Views: 428.6ms | ActiveRecord: 0.0ms)


Started GET "/api/todos" for ::1 at 2021-09-16 17:17:58 -0700
Processing by Api::TodosController#index as JSON
  [1m[36mTodo Load (0.8ms)[0m  [1m[34mSELECT "todos".* FROM "todos"[0m
  ↳ app/controllers/api/todos_controller.rb:5
Completed 200 OK in 4ms (Views: 3.0ms | ActiveRecord: 0.8ms)


Started POST "/api/todos" for ::1 at 2021-09-16 17:18:00 -0700
Processing by Api::TodosController#create as JSON
  Parameters: {"todo"=>{"id"=>"1631837878021", "title"=>"hi", "body"=>"", "done"=>"false"}}
Unpermitted parameter: :id
  [1m[35m (0.1ms)[0m  [1m[35mBEGIN[0m
  ↳ app/controllers/api/todos_controller.rb:14
  [1m[35m (0.1ms)[0m  [1m[31mROLLBACK[0m
  ↳ app/controllers/api/todos_controller.rb:14
Completed 422 Unprocessable Entity in 5ms (Views: 0.3ms | ActiveRecord: 0.3ms)


Started GET "/" for ::1 at 2021-09-16 17:19:27 -0700
Processing by StaticPagesController#root as HTML
  Rendering static_pages/root.html.erb within layouts/application
  Rendered static_pages/root.html.erb within layouts/application (0.7ms)
Completed 200 OK in 373ms (Views: 372.1ms | ActiveRecord: 0.0ms)


Started GET "/api/todos" for ::1 at 2021-09-16 17:19:28 -0700
Processing by Api::TodosController#index as JSON
  [1m[36mTodo Load (1.9ms)[0m  [1m[34mSELECT "todos".* FROM "todos"[0m
  ↳ app/controllers/api/todos_controller.rb:5
Completed 200 OK in 3ms (Views: 1.2ms | ActiveRecord: 1.9ms)


Started POST "/api/todos" for ::1 at 2021-09-16 17:19:29 -0700
Processing by Api::TodosController#create as JSON
  Parameters: {"todo"=>{"id"=>"1631837967952", "title"=>"hi", "body"=>"", "done"=>"false"}}
Unpermitted parameter: :id
  [1m[35m (0.1ms)[0m  [1m[35mBEGIN[0m
  ↳ app/controllers/api/todos_controller.rb:14
  [1m[35m (0.1ms)[0m  [1m[31mROLLBACK[0m
  ↳ app/controllers/api/todos_controller.rb:14
Completed 422 Unprocessable Entity in 3ms (Views: 0.2ms | ActiveRecord: 0.3ms)


Started POST "/api/todos" for ::1 at 2021-09-16 17:19:33 -0700
Processing by Api::TodosController#create as JSON
  Parameters: {"todo"=>{"id"=>"1631837969793", "title"=>"", "body"=>"", "done"=>"false"}}
Unpermitted parameter: :id
  [1m[35m (0.2ms)[0m  [1m[35mBEGIN[0m
  ↳ app/controllers/api/todos_controller.rb:14
  [1m[35m (0.1ms)[0m  [1m[31mROLLBACK[0m
  ↳ app/controllers/api/todos_controller.rb:14
Completed 422 Unprocessable Entity in 4ms (Views: 0.2ms | ActiveRecord: 0.3ms)


Started POST "/api/todos" for ::1 at 2021-09-16 17:19:39 -0700
Processing by Api::TodosController#create as JSON
  Parameters: {"todo"=>{"id"=>"1631837973681", "title"=>"hi", "body"=>"hi", "done"=>"false"}}
Unpermitted parameter: :id
  [1m[35m (0.2ms)[0m  [1m[35mBEGIN[0m
  ↳ app/controllers/api/todos_controller.rb:14
  [1m[36mTodo Create (2.6ms)[0m  [1m[32mINSERT INTO "todos" ("title", "body", "done", "created_at", "updated_at") VALUES ($1, $2, $3, $4, $5) RETURNING "id"[0m  [["title", "hi"], ["body", "hi"], ["done", false], ["created_at", "2021-09-17 00:19:39.861722"], ["updated_at", "2021-09-17 00:19:39.861722"]]
  ↳ app/controllers/api/todos_controller.rb:14
  [1m[35m (1.9ms)[0m  [1m[35mCOMMIT[0m
  ↳ app/controllers/api/todos_controller.rb:14
Completed 200 OK in 10ms (Views: 0.4ms | ActiveRecord: 4.7ms)


Started GET "/" for ::1 at 2021-09-16 17:22:07 -0700
Processing by StaticPagesController#root as HTML
  Rendering static_pages/root.html.erb within layouts/application
  Rendered static_pages/root.html.erb within layouts/application (0.6ms)
Completed 200 OK in 499ms (Views: 498.7ms | ActiveRecord: 0.0ms)


Started GET "/api/todos" for ::1 at 2021-09-16 17:22:08 -0700
Processing by Api::TodosController#index as JSON
  [1m[36mTodo Load (2.6ms)[0m  [1m[34mSELECT "todos".* FROM "todos"[0m
  ↳ app/controllers/api/todos_controller.rb:5
Completed 200 OK in 6ms (Views: 2.7ms | ActiveRecord: 2.6ms)


Started POST "/api/todos" for ::1 at 2021-09-16 17:22:11 -0700
Processing by Api::TodosController#create as JSON
  Parameters: {"todo"=>{"id"=>"1631838128363", "title"=>"", "body"=>"", "done"=>"false"}}
Unpermitted parameter: :id
  [1m[35m (0.3ms)[0m  [1m[35mBEGIN[0m
  ↳ app/controllers/api/todos_controller.rb:14
  [1m[35m (0.2ms)[0m  [1m[31mROLLBACK[0m
  ↳ app/controllers/api/todos_controller.rb:14
Completed 422 Unprocessable Entity in 5ms (Views: 0.2ms | ActiveRecord: 0.4ms)


Started POST "/api/todos" for ::1 at 2021-09-16 17:22:16 -0700
Processing by Api::TodosController#create as JSON
  Parameters: {"todo"=>{"id"=>"1631838131859", "title"=>"bye ", "body"=>"bye", "done"=>"false"}}
Unpermitted parameter: :id
  [1m[35m (0.3ms)[0m  [1m[35mBEGIN[0m
  ↳ app/controllers/api/todos_controller.rb:14
  [1m[36mTodo Create (1.0ms)[0m  [1m[32mINSERT INTO "todos" ("title", "body", "done", "created_at", "updated_at") VALUES ($1, $2, $3, $4, $5) RETURNING "id"[0m  [["title", "bye "], ["body", "bye"], ["done", false], ["created_at", "2021-09-17 00:22:16.299089"], ["updated_at", "2021-09-17 00:22:16.299089"]]
  ↳ app/controllers/api/todos_controller.rb:14
  [1m[35m (0.4ms)[0m  [1m[35mCOMMIT[0m
  ↳ app/controllers/api/todos_controller.rb:14
Completed 200 OK in 5ms (Views: 0.4ms | ActiveRecord: 1.7ms)


Started GET "/" for ::1 at 2021-09-16 17:22:47 -0700
Processing by StaticPagesController#root as HTML
  Rendering static_pages/root.html.erb within layouts/application
  Rendered static_pages/root.html.erb within layouts/application (1.0ms)
Completed 200 OK in 39ms (Views: 37.4ms | ActiveRecord: 0.0ms)


Started GET "/api/todos" for ::1 at 2021-09-16 17:22:47 -0700
Processing by Api::TodosController#index as JSON
  [1m[36mTodo Load (5.1ms)[0m  [1m[34mSELECT "todos".* FROM "todos"[0m
  ↳ app/controllers/api/todos_controller.rb:5
Completed 200 OK in 18ms (Views: 12.4ms | ActiveRecord: 5.1ms)


Started GET "/" for ::1 at 2021-09-16 21:00:56 -0700
  [1m[35m (1.4ms)[0m  [1m[34mSELECT "schema_migrations"."version" FROM "schema_migrations" ORDER BY "schema_migrations"."version" ASC[0m
  ↳ /Users/joshuazhao/.rbenv/versions/2.5.1/lib/ruby/gems/2.5.0/gems/activerecord-5.2.6/lib/active_record/log_subscriber.rb:98
Processing by StaticPagesController#root as HTML
  Rendering static_pages/root.html.erb within layouts/application
  Rendered static_pages/root.html.erb within layouts/application (1.8ms)
Completed 200 OK in 1071ms (Views: 1070.3ms | ActiveRecord: 0.0ms)


Started GET "/" for ::1 at 2021-09-16 21:01:12 -0700
Processing by StaticPagesController#root as HTML
  Rendering static_pages/root.html.erb within layouts/application
  Rendered static_pages/root.html.erb within layouts/application (0.3ms)
Completed 200 OK in 317ms (Views: 317.0ms | ActiveRecord: 0.0ms)


Started GET "/api/todos" for ::1 at 2021-09-16 21:01:12 -0700
Processing by Api::TodosController#index as JSON
  [1m[36mTodo Load (0.9ms)[0m  [1m[34mSELECT "todos".* FROM "todos"[0m
  ↳ app/controllers/api/todos_controller.rb:5
Completed 200 OK in 24ms (Views: 9.0ms | ActiveRecord: 9.2ms)


Started POST "/api/todos" for ::1 at 2021-09-16 21:01:54 -0700
Processing by Api::TodosController#create as JSON
  Parameters: {"todo"=>{"id"=>"1631851272654", "title"=>"brush your teeth", "body"=>"Use good tooth brush", "done"=>"false"}}
Unpermitted parameter: :id
  [1m[35m (0.1ms)[0m  [1m[35mBEGIN[0m
  ↳ app/controllers/api/todos_controller.rb:14
  [1m[36mTodo Create (0.9ms)[0m  [1m[32mINSERT INTO "todos" ("title", "body", "done", "created_at", "updated_at") VALUES ($1, $2, $3, $4, $5) RETURNING "id"[0m  [["title", "brush your teeth"], ["body", "Use good tooth brush"], ["done", false], ["created_at", "2021-09-17 04:01:54.801343"], ["updated_at", "2021-09-17 04:01:54.801343"]]
  ↳ app/controllers/api/todos_controller.rb:14
  [1m[35m (0.5ms)[0m  [1m[35mCOMMIT[0m
  ↳ app/controllers/api/todos_controller.rb:14
Completed 200 OK in 5ms (Views: 0.4ms | ActiveRecord: 1.6ms)


Started GET "/" for ::1 at 2021-09-16 21:02:16 -0700
Processing by StaticPagesController#root as HTML
  Rendering static_pages/root.html.erb within layouts/application
  Rendered static_pages/root.html.erb within layouts/application (0.3ms)
Completed 200 OK in 31ms (Views: 30.7ms | ActiveRecord: 0.0ms)


Started GET "/api/todos" for ::1 at 2021-09-16 21:02:16 -0700
Processing by Api::TodosController#index as JSON
  [1m[36mTodo Load (0.7ms)[0m  [1m[34mSELECT "todos".* FROM "todos"[0m
  ↳ app/controllers/api/todos_controller.rb:5
Completed 200 OK in 3ms (Views: 1.9ms | ActiveRecord: 0.7ms)


Started GET "/" for ::1 at 2021-09-20 13:48:24 -0700
  [1m[35m (2.5ms)[0m  [1m[34mSELECT "schema_migrations"."version" FROM "schema_migrations" ORDER BY "schema_migrations"."version" ASC[0m
  ↳ /Users/joshuazhao/.rbenv/versions/2.5.1/lib/ruby/gems/2.5.0/gems/activerecord-5.2.6/lib/active_record/log_subscriber.rb:98
Processing by StaticPagesController#root as HTML
  Rendering static_pages/root.html.erb within layouts/application
  Rendered static_pages/root.html.erb within layouts/application (1.3ms)
Completed 200 OK in 899ms (Views: 898.0ms | ActiveRecord: 0.0ms)


Started GET "/api/todos" for ::1 at 2021-09-20 13:48:25 -0700
Processing by Api::TodosController#index as JSON
  [1m[36mTodo Load (5.6ms)[0m  [1m[34mSELECT "todos".* FROM "todos"[0m
  ↳ app/controllers/api/todos_controller.rb:5
Completed 200 OK in 39ms (Views: 11.7ms | ActiveRecord: 23.7ms)


